Start testing: Feb 11 22:15 Eastern Standard Time
----------------------------------------------------------
1/22 Testing: InitializingTest.ZeroElement
1/22 Test: InitializingTest.ZeroElement
Command: "D:/LEETCODE/cpp_ds/build/vector/my_vector_tests.exe" "--gtest_filter=InitializingTest.ZeroElement" "--gtest_also_run_disabled_tests"
Directory: D:/LEETCODE/cpp_ds/build/vector
"InitializingTest.ZeroElement" start time: Feb 11 22:15 Eastern Standard Time
Output:
----------------------------------------------------------
Running main() from D:\LEETCODE\cpp_ds\build\_deps\googletest-src\googletest\src\gtest_main.cc
Note: Google Test filter = InitializingTest.ZeroElement
[==========] Running 1 test from 1 test suite.
[----------] Global test environment set-up.
[----------] 1 test from InitializingTest
[ RUN      ] InitializingTest.ZeroElement
[       OK ] InitializingTest.ZeroElement (0 ms)
[----------] 1 test from InitializingTest (0 ms total)

[----------] Global test environment tear-down
[==========] 1 test from 1 test suite ran. (0 ms total)
[  PASSED  ] 1 test.
<end of output>
Test time =   0.13 sec
----------------------------------------------------------
Test Passed.
"InitializingTest.ZeroElement" end time: Feb 11 22:15 Eastern Standard Time
"InitializingTest.ZeroElement" time elapsed: 00:00:00
----------------------------------------------------------

2/22 Testing: InitializingTest.SomeElements
2/22 Test: InitializingTest.SomeElements
Command: "D:/LEETCODE/cpp_ds/build/vector/my_vector_tests.exe" "--gtest_filter=InitializingTest.SomeElements" "--gtest_also_run_disabled_tests"
Directory: D:/LEETCODE/cpp_ds/build/vector
"InitializingTest.SomeElements" start time: Feb 11 22:15 Eastern Standard Time
Output:
----------------------------------------------------------
Running main() from D:\LEETCODE\cpp_ds\build\_deps\googletest-src\googletest\src\gtest_main.cc
Note: Google Test filter = InitializingTest.SomeElements
[==========] Running 1 test from 1 test suite.
[----------] Global test environment set-up.
[----------] 1 test from InitializingTest
[ RUN      ] InitializingTest.SomeElements
[       OK ] InitializingTest.SomeElements (0 ms)
[----------] 1 test from InitializingTest (0 ms total)

[----------] Global test environment tear-down
[==========] 1 test from 1 test suite ran. (0 ms total)
[  PASSED  ] 1 test.
<end of output>
Test time =   0.09 sec
----------------------------------------------------------
Test Passed.
"InitializingTest.SomeElements" end time: Feb 11 22:15 Eastern Standard Time
"InitializingTest.SomeElements" time elapsed: 00:00:00
----------------------------------------------------------

3/22 Testing: InitializingTest.CopyVector
3/22 Test: InitializingTest.CopyVector
Command: "D:/LEETCODE/cpp_ds/build/vector/my_vector_tests.exe" "--gtest_filter=InitializingTest.CopyVector" "--gtest_also_run_disabled_tests"
Directory: D:/LEETCODE/cpp_ds/build/vector
"InitializingTest.CopyVector" start time: Feb 11 22:15 Eastern Standard Time
Output:
----------------------------------------------------------
Running main() from D:\LEETCODE\cpp_ds\build\_deps\googletest-src\googletest\src\gtest_main.cc
Note: Google Test filter = InitializingTest.CopyVector
[==========] Running 1 test from 1 test suite.
[----------] Global test environment set-up.
[----------] 1 test from InitializingTest
[ RUN      ] InitializingTest.CopyVector
[       OK ] InitializingTest.CopyVector (0 ms)
[----------] 1 test from InitializingTest (0 ms total)

[----------] Global test environment tear-down
[==========] 1 test from 1 test suite ran. (0 ms total)
[  PASSED  ] 1 test.
<end of output>
Test time =   0.08 sec
----------------------------------------------------------
Test Passed.
"InitializingTest.CopyVector" end time: Feb 11 22:15 Eastern Standard Time
"InitializingTest.CopyVector" time elapsed: 00:00:00
----------------------------------------------------------

4/22 Testing: MemberFunctionTest.EmptyTest
4/22 Test: MemberFunctionTest.EmptyTest
Command: "D:/LEETCODE/cpp_ds/build/vector/my_vector_tests.exe" "--gtest_filter=MemberFunctionTest.EmptyTest" "--gtest_also_run_disabled_tests"
Directory: D:/LEETCODE/cpp_ds/build/linked_list
"MemberFunctionTest.EmptyTest" start time: Feb 11 22:15 Eastern Standard Time
Output:
----------------------------------------------------------
Running main() from D:\LEETCODE\cpp_ds\build\_deps\googletest-src\googletest\src\gtest_main.cc
Note: Google Test filter = MemberFunctionTest.EmptyTest
[==========] Running 1 test from 1 test suite.
[----------] Global test environment set-up.
[----------] 1 test from MemberFunctionTest
[ RUN      ] MemberFunctionTest.EmptyTest
[       OK ] MemberFunctionTest.EmptyTest (0 ms)
[----------] 1 test from MemberFunctionTest (0 ms total)

[----------] Global test environment tear-down
[==========] 1 test from 1 test suite ran. (0 ms total)
[  PASSED  ] 1 test.
<end of output>
Test time =   0.08 sec
----------------------------------------------------------
Test Passed.
"MemberFunctionTest.EmptyTest" end time: Feb 11 22:15 Eastern Standard Time
"MemberFunctionTest.EmptyTest" time elapsed: 00:00:00
----------------------------------------------------------

5/22 Testing: MemberFunctionTest.AtTest
5/22 Test: MemberFunctionTest.AtTest
Command: "D:/LEETCODE/cpp_ds/build/vector/my_vector_tests.exe" "--gtest_filter=MemberFunctionTest.AtTest" "--gtest_also_run_disabled_tests"
Directory: D:/LEETCODE/cpp_ds/build/vector
"MemberFunctionTest.AtTest" start time: Feb 11 22:15 Eastern Standard Time
Output:
----------------------------------------------------------
Running main() from D:\LEETCODE\cpp_ds\build\_deps\googletest-src\googletest\src\gtest_main.cc
Note: Google Test filter = MemberFunctionTest.AtTest
[==========] Running 1 test from 1 test suite.
[----------] Global test environment set-up.
[----------] 1 test from MemberFunctionTest
[ RUN      ] MemberFunctionTest.AtTest
[       OK ] MemberFunctionTest.AtTest (0 ms)
[----------] 1 test from MemberFunctionTest (0 ms total)

[----------] Global test environment tear-down
[==========] 1 test from 1 test suite ran. (0 ms total)
[  PASSED  ] 1 test.
<end of output>
Test time =   0.11 sec
----------------------------------------------------------
Test Passed.
"MemberFunctionTest.AtTest" end time: Feb 11 22:15 Eastern Standard Time
"MemberFunctionTest.AtTest" time elapsed: 00:00:00
----------------------------------------------------------

6/22 Testing: MemberFunctionTest.PushBack
6/22 Test: MemberFunctionTest.PushBack
Command: "D:/LEETCODE/cpp_ds/build/vector/my_vector_tests.exe" "--gtest_filter=MemberFunctionTest.PushBack" "--gtest_also_run_disabled_tests"
Directory: D:/LEETCODE/cpp_ds/build/vector
"MemberFunctionTest.PushBack" start time: Feb 11 22:15 Eastern Standard Time
Output:
----------------------------------------------------------
Running main() from D:\LEETCODE\cpp_ds\build\_deps\googletest-src\googletest\src\gtest_main.cc
Note: Google Test filter = MemberFunctionTest.PushBack
[==========] Running 1 test from 1 test suite.
[----------] Global test environment set-up.
[----------] 1 test from MemberFunctionTest
[ RUN      ] MemberFunctionTest.PushBack
[       OK ] MemberFunctionTest.PushBack (0 ms)
[----------] 1 test from MemberFunctionTest (0 ms total)

[----------] Global test environment tear-down
[==========] 1 test from 1 test suite ran. (0 ms total)
[  PASSED  ] 1 test.
<end of output>
Test time =   0.09 sec
----------------------------------------------------------
Test Passed.
"MemberFunctionTest.PushBack" end time: Feb 11 22:15 Eastern Standard Time
"MemberFunctionTest.PushBack" time elapsed: 00:00:00
----------------------------------------------------------

7/22 Testing: MemberFunctionTest.PopBack
7/22 Test: MemberFunctionTest.PopBack
Command: "D:/LEETCODE/cpp_ds/build/vector/my_vector_tests.exe" "--gtest_filter=MemberFunctionTest.PopBack" "--gtest_also_run_disabled_tests"
Directory: D:/LEETCODE/cpp_ds/build/vector
"MemberFunctionTest.PopBack" start time: Feb 11 22:15 Eastern Standard Time
Output:
----------------------------------------------------------
Running main() from D:\LEETCODE\cpp_ds\build\_deps\googletest-src\googletest\src\gtest_main.cc
Note: Google Test filter = MemberFunctionTest.PopBack
[==========] Running 1 test from 1 test suite.
[----------] Global test environment set-up.
[----------] 1 test from MemberFunctionTest
[ RUN      ] MemberFunctionTest.PopBack
[       OK ] MemberFunctionTest.PopBack (0 ms)
[----------] 1 test from MemberFunctionTest (0 ms total)

[----------] Global test environment tear-down
[==========] 1 test from 1 test suite ran. (0 ms total)
[  PASSED  ] 1 test.
<end of output>
Test time =   0.09 sec
----------------------------------------------------------
Test Passed.
"MemberFunctionTest.PopBack" end time: Feb 11 22:15 Eastern Standard Time
"MemberFunctionTest.PopBack" time elapsed: 00:00:00
----------------------------------------------------------

8/22 Testing: MemberFunctionTest.Clear
8/22 Test: MemberFunctionTest.Clear
Command: "D:/LEETCODE/cpp_ds/build/vector/my_vector_tests.exe" "--gtest_filter=MemberFunctionTest.Clear" "--gtest_also_run_disabled_tests"
Directory: D:/LEETCODE/cpp_ds/build/vector
"MemberFunctionTest.Clear" start time: Feb 11 22:15 Eastern Standard Time
Output:
----------------------------------------------------------
Running main() from D:\LEETCODE\cpp_ds\build\_deps\googletest-src\googletest\src\gtest_main.cc
Note: Google Test filter = MemberFunctionTest.Clear
[==========] Running 1 test from 1 test suite.
[----------] Global test environment set-up.
[----------] 1 test from MemberFunctionTest
[ RUN      ] MemberFunctionTest.Clear
[       OK ] MemberFunctionTest.Clear (0 ms)
[----------] 1 test from MemberFunctionTest (0 ms total)

[----------] Global test environment tear-down
[==========] 1 test from 1 test suite ran. (0 ms total)
[  PASSED  ] 1 test.
<end of output>
Test time =   0.07 sec
----------------------------------------------------------
Test Passed.
"MemberFunctionTest.Clear" end time: Feb 11 22:15 Eastern Standard Time
"MemberFunctionTest.Clear" time elapsed: 00:00:00
----------------------------------------------------------

9/22 Testing: InitializingTest.DefaultConstructor
9/22 Test: InitializingTest.DefaultConstructor
Command: "D:/LEETCODE/cpp_ds/build/linked_list/my_linked_list_tests.exe" "--gtest_filter=InitializingTest.DefaultConstructor" "--gtest_also_run_disabled_tests"
Directory: D:/LEETCODE/cpp_ds/build/linked_list
"InitializingTest.DefaultConstructor" start time: Feb 11 22:15 Eastern Standard Time
Output:
----------------------------------------------------------
Running main() from D:\LEETCODE\cpp_ds\build\_deps\googletest-src\googletest\src\gtest_main.cc
Note: Google Test filter = InitializingTest.DefaultConstructor
[==========] Running 1 test from 1 test suite.
[----------] Global test environment set-up.
[----------] 1 test from InitializingTest
[ RUN      ] InitializingTest.DefaultConstructor
[       OK ] InitializingTest.DefaultConstructor (0 ms)
[----------] 1 test from InitializingTest (0 ms total)

[----------] Global test environment tear-down
[==========] 1 test from 1 test suite ran. (0 ms total)
[  PASSED  ] 1 test.
<end of output>
Test time =   0.08 sec
----------------------------------------------------------
Test Passed.
"InitializingTest.DefaultConstructor" end time: Feb 11 22:15 Eastern Standard Time
"InitializingTest.DefaultConstructor" time elapsed: 00:00:00
----------------------------------------------------------

10/22 Testing: InitializingTest.CopyConstructor
10/22 Test: InitializingTest.CopyConstructor
Command: "D:/LEETCODE/cpp_ds/build/linked_list/my_linked_list_tests.exe" "--gtest_filter=InitializingTest.CopyConstructor" "--gtest_also_run_disabled_tests"
Directory: D:/LEETCODE/cpp_ds/build/linked_list
"InitializingTest.CopyConstructor" start time: Feb 11 22:15 Eastern Standard Time
Output:
----------------------------------------------------------
Running main() from D:\LEETCODE\cpp_ds\build\_deps\googletest-src\googletest\src\gtest_main.cc
Note: Google Test filter = InitializingTest.CopyConstructor
[==========] Running 1 test from 1 test suite.
[----------] Global test environment set-up.
[----------] 1 test from InitializingTest
[ RUN      ] InitializingTest.CopyConstructor
6
[       OK ] InitializingTest.CopyConstructor (0 ms)
[----------] 1 test from InitializingTest (0 ms total)

[----------] Global test environment tear-down
[==========] 1 test from 1 test suite ran. (0 ms total)
[  PASSED  ] 1 test.
<end of output>
Test time =   0.10 sec
----------------------------------------------------------
Test Passed.
"InitializingTest.CopyConstructor" end time: Feb 11 22:15 Eastern Standard Time
"InitializingTest.CopyConstructor" time elapsed: 00:00:00
----------------------------------------------------------

11/22 Testing: InitializingTest.OperatorOverloading
11/22 Test: InitializingTest.OperatorOverloading
Command: "D:/LEETCODE/cpp_ds/build/linked_list/my_linked_list_tests.exe" "--gtest_filter=InitializingTest.OperatorOverloading" "--gtest_also_run_disabled_tests"
Directory: D:/LEETCODE/cpp_ds/build/linked_list
"InitializingTest.OperatorOverloading" start time: Feb 11 22:15 Eastern Standard Time
Output:
----------------------------------------------------------
Running main() from D:\LEETCODE\cpp_ds\build\_deps\googletest-src\googletest\src\gtest_main.cc
Note: Google Test filter = InitializingTest.OperatorOverloading
[==========] Running 1 test from 1 test suite.
[----------] Global test environment set-up.
[----------] 1 test from InitializingTest
[ RUN      ] InitializingTest.OperatorOverloading
[       OK ] InitializingTest.OperatorOverloading (0 ms)
[----------] 1 test from InitializingTest (0 ms total)

[----------] Global test environment tear-down
[==========] 1 test from 1 test suite ran. (0 ms total)
[  PASSED  ] 1 test.
<end of output>
Test time =   0.09 sec
----------------------------------------------------------
Test Passed.
"InitializingTest.OperatorOverloading" end time: Feb 11 22:15 Eastern Standard Time
"InitializingTest.OperatorOverloading" time elapsed: 00:00:00
----------------------------------------------------------

12/22 Testing: MemberFunctionTest.GetTest
12/22 Test: MemberFunctionTest.GetTest
Command: "D:/LEETCODE/cpp_ds/build/linked_list/my_linked_list_tests.exe" "--gtest_filter=MemberFunctionTest.GetTest" "--gtest_also_run_disabled_tests"
Directory: D:/LEETCODE/cpp_ds/build/linked_list
"MemberFunctionTest.GetTest" start time: Feb 11 22:15 Eastern Standard Time
Output:
----------------------------------------------------------
Running main() from D:\LEETCODE\cpp_ds\build\_deps\googletest-src\googletest\src\gtest_main.cc
Note: Google Test filter = MemberFunctionTest.GetTest
[==========] Running 1 test from 1 test suite.
[----------] Global test environment set-up.
[----------] 1 test from MemberFunctionTest
[ RUN      ] MemberFunctionTest.GetTest
[       OK ] MemberFunctionTest.GetTest (0 ms)
[----------] 1 test from MemberFunctionTest (0 ms total)

[----------] Global test environment tear-down
[==========] 1 test from 1 test suite ran. (0 ms total)
[  PASSED  ] 1 test.
<end of output>
Test time =   0.08 sec
----------------------------------------------------------
Test Passed.
"MemberFunctionTest.GetTest" end time: Feb 11 22:15 Eastern Standard Time
"MemberFunctionTest.GetTest" time elapsed: 00:00:00
----------------------------------------------------------

13/22 Testing: MemberFunctionTest.FrontTest
13/22 Test: MemberFunctionTest.FrontTest
Command: "D:/LEETCODE/cpp_ds/build/linked_list/my_linked_list_tests.exe" "--gtest_filter=MemberFunctionTest.FrontTest" "--gtest_also_run_disabled_tests"
Directory: D:/LEETCODE/cpp_ds/build/linked_list
"MemberFunctionTest.FrontTest" start time: Feb 11 22:15 Eastern Standard Time
Output:
----------------------------------------------------------
Running main() from D:\LEETCODE\cpp_ds\build\_deps\googletest-src\googletest\src\gtest_main.cc
Note: Google Test filter = MemberFunctionTest.FrontTest
[==========] Running 1 test from 1 test suite.
[----------] Global test environment set-up.
[----------] 1 test from MemberFunctionTest
[ RUN      ] MemberFunctionTest.FrontTest
[       OK ] MemberFunctionTest.FrontTest (0 ms)
[----------] 1 test from MemberFunctionTest (0 ms total)

[----------] Global test environment tear-down
[==========] 1 test from 1 test suite ran. (0 ms total)
[  PASSED  ] 1 test.
<end of output>
Test time =   0.10 sec
----------------------------------------------------------
Test Passed.
"MemberFunctionTest.FrontTest" end time: Feb 11 22:15 Eastern Standard Time
"MemberFunctionTest.FrontTest" time elapsed: 00:00:00
----------------------------------------------------------

14/22 Testing: MemberFunctionTest.BackTest
14/22 Test: MemberFunctionTest.BackTest
Command: "D:/LEETCODE/cpp_ds/build/linked_list/my_linked_list_tests.exe" "--gtest_filter=MemberFunctionTest.BackTest" "--gtest_also_run_disabled_tests"
Directory: D:/LEETCODE/cpp_ds/build/linked_list
"MemberFunctionTest.BackTest" start time: Feb 11 22:15 Eastern Standard Time
Output:
----------------------------------------------------------
Running main() from D:\LEETCODE\cpp_ds\build\_deps\googletest-src\googletest\src\gtest_main.cc
Note: Google Test filter = MemberFunctionTest.BackTest
[==========] Running 1 test from 1 test suite.
[----------] Global test environment set-up.
[----------] 1 test from MemberFunctionTest
[ RUN      ] MemberFunctionTest.BackTest
[       OK ] MemberFunctionTest.BackTest (0 ms)
[----------] 1 test from MemberFunctionTest (0 ms total)

[----------] Global test environment tear-down
[==========] 1 test from 1 test suite ran. (0 ms total)
[  PASSED  ] 1 test.
<end of output>
Test time =   0.11 sec
----------------------------------------------------------
Test Passed.
"MemberFunctionTest.BackTest" end time: Feb 11 22:15 Eastern Standard Time
"MemberFunctionTest.BackTest" time elapsed: 00:00:00
----------------------------------------------------------

15/22 Testing: MemberFunctionTest.AddHeadTest
15/22 Test: MemberFunctionTest.AddHeadTest
Command: "D:/LEETCODE/cpp_ds/build/linked_list/my_linked_list_tests.exe" "--gtest_filter=MemberFunctionTest.AddHeadTest" "--gtest_also_run_disabled_tests"
Directory: D:/LEETCODE/cpp_ds/build/linked_list
"MemberFunctionTest.AddHeadTest" start time: Feb 11 22:15 Eastern Standard Time
Output:
----------------------------------------------------------
Running main() from D:\LEETCODE\cpp_ds\build\_deps\googletest-src\googletest\src\gtest_main.cc
Note: Google Test filter = MemberFunctionTest.AddHeadTest
[==========] Running 1 test from 1 test suite.
[----------] Global test environment set-up.
[----------] 1 test from MemberFunctionTest
[ RUN      ] MemberFunctionTest.AddHeadTest
[       OK ] MemberFunctionTest.AddHeadTest (0 ms)
[----------] 1 test from MemberFunctionTest (0 ms total)

[----------] Global test environment tear-down
[==========] 1 test from 1 test suite ran. (0 ms total)
[  PASSED  ] 1 test.
<end of output>
Test time =   0.09 sec
----------------------------------------------------------
Test Passed.
"MemberFunctionTest.AddHeadTest" end time: Feb 11 22:15 Eastern Standard Time
"MemberFunctionTest.AddHeadTest" time elapsed: 00:00:00
----------------------------------------------------------

16/22 Testing: MemberFunctionTest.AddTailTest
16/22 Test: MemberFunctionTest.AddTailTest
Command: "D:/LEETCODE/cpp_ds/build/linked_list/my_linked_list_tests.exe" "--gtest_filter=MemberFunctionTest.AddTailTest" "--gtest_also_run_disabled_tests"
Directory: D:/LEETCODE/cpp_ds/build/linked_list
"MemberFunctionTest.AddTailTest" start time: Feb 11 22:15 Eastern Standard Time
Output:
----------------------------------------------------------
Running main() from D:\LEETCODE\cpp_ds\build\_deps\googletest-src\googletest\src\gtest_main.cc
Note: Google Test filter = MemberFunctionTest.AddTailTest
[==========] Running 1 test from 1 test suite.
[----------] Global test environment set-up.
[----------] 1 test from MemberFunctionTest
[ RUN      ] MemberFunctionTest.AddTailTest
[       OK ] MemberFunctionTest.AddTailTest (0 ms)
[----------] 1 test from MemberFunctionTest (0 ms total)

[----------] Global test environment tear-down
[==========] 1 test from 1 test suite ran. (0 ms total)
[  PASSED  ] 1 test.
<end of output>
Test time =   0.07 sec
----------------------------------------------------------
Test Passed.
"MemberFunctionTest.AddTailTest" end time: Feb 11 22:15 Eastern Standard Time
"MemberFunctionTest.AddTailTest" time elapsed: 00:00:00
----------------------------------------------------------

17/22 Testing: MemberFunctionTest.AddIndexTest
17/22 Test: MemberFunctionTest.AddIndexTest
Command: "D:/LEETCODE/cpp_ds/build/linked_list/my_linked_list_tests.exe" "--gtest_filter=MemberFunctionTest.AddIndexTest" "--gtest_also_run_disabled_tests"
Directory: D:/LEETCODE/cpp_ds/build/linked_list
"MemberFunctionTest.AddIndexTest" start time: Feb 11 22:15 Eastern Standard Time
Output:
----------------------------------------------------------
Running main() from D:\LEETCODE\cpp_ds\build\_deps\googletest-src\googletest\src\gtest_main.cc
Note: Google Test filter = MemberFunctionTest.AddIndexTest
[==========] Running 1 test from 1 test suite.
[----------] Global test environment set-up.
[----------] 1 test from MemberFunctionTest
[ RUN      ] MemberFunctionTest.AddIndexTest
[       OK ] MemberFunctionTest.AddIndexTest (0 ms)
[----------] 1 test from MemberFunctionTest (0 ms total)

[----------] Global test environment tear-down
[==========] 1 test from 1 test suite ran. (0 ms total)
[  PASSED  ] 1 test.
<end of output>
Test time =   0.06 sec
----------------------------------------------------------
Test Passed.
"MemberFunctionTest.AddIndexTest" end time: Feb 11 22:15 Eastern Standard Time
"MemberFunctionTest.AddIndexTest" time elapsed: 00:00:00
----------------------------------------------------------

18/22 Testing: MemberFunctionTest.DeleteHeadTest
18/22 Test: MemberFunctionTest.DeleteHeadTest
Command: "D:/LEETCODE/cpp_ds/build/linked_list/my_linked_list_tests.exe" "--gtest_filter=MemberFunctionTest.DeleteHeadTest" "--gtest_also_run_disabled_tests"
Directory: D:/LEETCODE/cpp_ds/build/linked_list
"MemberFunctionTest.DeleteHeadTest" start time: Feb 11 22:15 Eastern Standard Time
Output:
----------------------------------------------------------
Running main() from D:\LEETCODE\cpp_ds\build\_deps\googletest-src\googletest\src\gtest_main.cc
Note: Google Test filter = MemberFunctionTest.DeleteHeadTest
[==========] Running 1 test from 1 test suite.
[----------] Global test environment set-up.
[----------] 1 test from MemberFunctionTest
[ RUN      ] MemberFunctionTest.DeleteHeadTest
[       OK ] MemberFunctionTest.DeleteHeadTest (0 ms)
[----------] 1 test from MemberFunctionTest (0 ms total)

[----------] Global test environment tear-down
[==========] 1 test from 1 test suite ran. (0 ms total)
[  PASSED  ] 1 test.
<end of output>
Test time =   0.07 sec
----------------------------------------------------------
Test Passed.
"MemberFunctionTest.DeleteHeadTest" end time: Feb 11 22:15 Eastern Standard Time
"MemberFunctionTest.DeleteHeadTest" time elapsed: 00:00:00
----------------------------------------------------------

19/22 Testing: MemberFunctionTest.DeleteTailTest
19/22 Test: MemberFunctionTest.DeleteTailTest
Command: "D:/LEETCODE/cpp_ds/build/linked_list/my_linked_list_tests.exe" "--gtest_filter=MemberFunctionTest.DeleteTailTest" "--gtest_also_run_disabled_tests"
Directory: D:/LEETCODE/cpp_ds/build/linked_list
"MemberFunctionTest.DeleteTailTest" start time: Feb 11 22:15 Eastern Standard Time
Output:
----------------------------------------------------------
Running main() from D:\LEETCODE\cpp_ds\build\_deps\googletest-src\googletest\src\gtest_main.cc
Note: Google Test filter = MemberFunctionTest.DeleteTailTest
[==========] Running 1 test from 1 test suite.
[----------] Global test environment set-up.
[----------] 1 test from MemberFunctionTest
[ RUN      ] MemberFunctionTest.DeleteTailTest
[       OK ] MemberFunctionTest.DeleteTailTest (0 ms)
[----------] 1 test from MemberFunctionTest (0 ms total)

[----------] Global test environment tear-down
[==========] 1 test from 1 test suite ran. (0 ms total)
[  PASSED  ] 1 test.
<end of output>
Test time =   0.05 sec
----------------------------------------------------------
Test Passed.
"MemberFunctionTest.DeleteTailTest" end time: Feb 11 22:15 Eastern Standard Time
"MemberFunctionTest.DeleteTailTest" time elapsed: 00:00:00
----------------------------------------------------------

20/22 Testing: MemberFunctionTest.DeleteIndexTest
20/22 Test: MemberFunctionTest.DeleteIndexTest
Command: "D:/LEETCODE/cpp_ds/build/linked_list/my_linked_list_tests.exe" "--gtest_filter=MemberFunctionTest.DeleteIndexTest" "--gtest_also_run_disabled_tests"
Directory: D:/LEETCODE/cpp_ds/build/linked_list
"MemberFunctionTest.DeleteIndexTest" start time: Feb 11 22:15 Eastern Standard Time
Output:
----------------------------------------------------------
Running main() from D:\LEETCODE\cpp_ds\build\_deps\googletest-src\googletest\src\gtest_main.cc
Note: Google Test filter = MemberFunctionTest.DeleteIndexTest
[==========] Running 1 test from 1 test suite.
[----------] Global test environment set-up.
[----------] 1 test from MemberFunctionTest
[ RUN      ] MemberFunctionTest.DeleteIndexTest
[       OK ] MemberFunctionTest.DeleteIndexTest (0 ms)
[----------] 1 test from MemberFunctionTest (0 ms total)

[----------] Global test environment tear-down
[==========] 1 test from 1 test suite ran. (0 ms total)
[  PASSED  ] 1 test.
<end of output>
Test time =   0.06 sec
----------------------------------------------------------
Test Passed.
"MemberFunctionTest.DeleteIndexTest" end time: Feb 11 22:15 Eastern Standard Time
"MemberFunctionTest.DeleteIndexTest" time elapsed: 00:00:00
----------------------------------------------------------

21/22 Testing: MemberFunctionTest.GetSizeTest
21/22 Test: MemberFunctionTest.GetSizeTest
Command: "D:/LEETCODE/cpp_ds/build/linked_list/my_linked_list_tests.exe" "--gtest_filter=MemberFunctionTest.GetSizeTest" "--gtest_also_run_disabled_tests"
Directory: D:/LEETCODE/cpp_ds/build/linked_list
"MemberFunctionTest.GetSizeTest" start time: Feb 11 22:15 Eastern Standard Time
Output:
----------------------------------------------------------
Running main() from D:\LEETCODE\cpp_ds\build\_deps\googletest-src\googletest\src\gtest_main.cc
Note: Google Test filter = MemberFunctionTest.GetSizeTest
[==========] Running 1 test from 1 test suite.
[----------] Global test environment set-up.
[----------] 1 test from MemberFunctionTest
[ RUN      ] MemberFunctionTest.GetSizeTest
[       OK ] MemberFunctionTest.GetSizeTest (0 ms)
[----------] 1 test from MemberFunctionTest (0 ms total)

[----------] Global test environment tear-down
[==========] 1 test from 1 test suite ran. (0 ms total)
[  PASSED  ] 1 test.
<end of output>
Test time =   0.08 sec
----------------------------------------------------------
Test Passed.
"MemberFunctionTest.GetSizeTest" end time: Feb 11 22:15 Eastern Standard Time
"MemberFunctionTest.GetSizeTest" time elapsed: 00:00:00
----------------------------------------------------------

22/22 Testing: MemberFunctionTest.EmptyTest
22/22 Test: MemberFunctionTest.EmptyTest
Command: "D:/LEETCODE/cpp_ds/build/linked_list/my_linked_list_tests.exe" "--gtest_filter=MemberFunctionTest.EmptyTest" "--gtest_also_run_disabled_tests"
Directory: D:/LEETCODE/cpp_ds/build/linked_list
"MemberFunctionTest.EmptyTest" start time: Feb 11 22:15 Eastern Standard Time
Output:
----------------------------------------------------------
Running main() from D:\LEETCODE\cpp_ds\build\_deps\googletest-src\googletest\src\gtest_main.cc
Note: Google Test filter = MemberFunctionTest.EmptyTest
[==========] Running 1 test from 1 test suite.
[----------] Global test environment set-up.
[----------] 1 test from MemberFunctionTest
[ RUN      ] MemberFunctionTest.EmptyTest
[       OK ] MemberFunctionTest.EmptyTest (0 ms)
[----------] 1 test from MemberFunctionTest (0 ms total)

[----------] Global test environment tear-down
[==========] 1 test from 1 test suite ran. (0 ms total)
[  PASSED  ] 1 test.
<end of output>
Test time =   0.06 sec
----------------------------------------------------------
Test Passed.
"MemberFunctionTest.EmptyTest" end time: Feb 11 22:15 Eastern Standard Time
"MemberFunctionTest.EmptyTest" time elapsed: 00:00:00
----------------------------------------------------------

End testing: Feb 11 22:15 Eastern Standard Time
