<?xml version="1.0" encoding="UTF-8"?>
<Site BuildName="(empty)"
	BuildStamp="20260212-2257-Experimental"
	Name="(empty)"
	Generator="ctest-4.2.3"
	CompilerName=""
	CompilerVersion=""
	OSName="Windows"
	Hostname="BAO_ELIE_TRAN"
	OSRelease="10.0.26200"
	OSVersion="Windows 10"
	OSPlatform="AMD64"
	Is64Bits="1"
	VendorString="GenuineIntel"
	VendorID="Intel Corporation"
	FamilyID="6"
	ModelID="13"
	ModelName=""
	ProcessorCacheSize="-1"
	NumberOfLogicalCPU="8"
	NumberOfPhysicalCPU="8"
	TotalVirtualMemory="42131"
	TotalPhysicalMemory="32384"
	LogicalProcessorsPerPhysical="1"
	ProcessorClockFrequency="2200"
	>
	<Testing>
		<StartDateTime>Feb 18 22:22 Eastern Standard Time</StartDateTime>
		<StartTestTime>1771471352</StartTestTime>
		<TestList/>
		<EndDateTime>Feb 18 22:22 Eastern Standard Time</EndDateTime>
		<EndTestTime>1771471352</EndTestTime>
		<ElapsedMinutes>0</ElapsedMinutes>
	</Testing>
</Site>
