<?xml version="1.0" encoding="UTF-8"?>
<Site BuildName="(empty)"
	BuildStamp="20260127-1400-Experimental"
	Name="(empty)"
	Generator="ctest-4.2.1"
	CompilerName=""
	CompilerVersion=""
	OSName="Windows"
	Hostname="DESKTOP-TT309A3"
	OSRelease="10.0.26200"
	OSVersion="Windows 10"
	OSPlatform="AMD64"
	Is64Bits="1"
	VendorString="GenuineIntel"
	VendorID="Intel Corporation"
	FamilyID="6"
	ModelID="10"
	ModelName=""
	ProcessorCacheSize="-1"
	NumberOfLogicalCPU="20"
	NumberOfPhysicalCPU="14"
	TotalVirtualMemory="30897"
	TotalPhysicalMemory="16049"
	LogicalProcessorsPerPhysical="1"
	ProcessorClockFrequency="2300"
	>
	<Testing>
		<StartDateTime>Jan 27 19:38 Eastern Standard Time</StartDateTime>
		<StartTestTime>1769560734</StartTestTime>
		<TestList/>
		<EndDateTime>Jan 27 19:38 Eastern Standard Time</EndDateTime>
		<EndTestTime>1769560734</EndTestTime>
		<ElapsedMinutes>0</ElapsedMinutes>
	</Testing>
</Site>
