Start testing: Jan 26 21:00 Eastern Standard Time
----------------------------------------------------------
1/2 Testing: AddingTest.HandleNegativeInt
1/2 Test: AddingTest.HandleNegativeInt
Command: "D:/LEETCODE/LEARN/cpp_ds/vector/build/Debug/my_vector_tests.exe" "--gtest_filter=AddingTest.HandleNegativeInt" "--gtest_also_run_disabled_tests"
Directory: D:/LEETCODE/LEARN/cpp_ds/vector/build
"AddingTest.HandleNegativeInt" start time: Jan 26 21:00 Eastern Standard Time
Output:
----------------------------------------------------------
Running main() from D:\LEETCODE\LEARN\cpp_ds\vector\build\_deps\googletest-src\googletest\src\gtest_main.cc
Note: Google Test filter = AddingTest.HandleNegativeInt
[==========] Running 1 test from 1 test suite.
[----------] Global test environment set-up.
[----------] 1 test from AddingTest
[ RUN      ] AddingTest.HandleNegativeInt
[       OK ] AddingTest.HandleNegativeInt (0 ms)
[----------] 1 test from AddingTest (0 ms total)

[----------] Global test environment tear-down
[==========] 1 test from 1 test suite ran. (0 ms total)
[  PASSED  ] 1 test.
<end of output>
Test time =   0.01 sec
----------------------------------------------------------
Test Passed.
"AddingTest.HandleNegativeInt" end time: Jan 26 21:00 Eastern Standard Time
"AddingTest.HandleNegativeInt" time elapsed: 00:00:00
----------------------------------------------------------

2/2 Testing: AddingTest.HandlePositiveInt
2/2 Test: AddingTest.HandlePositiveInt
Command: "D:/LEETCODE/LEARN/cpp_ds/vector/build/Debug/my_vector_tests.exe" "--gtest_filter=AddingTest.HandlePositiveInt" "--gtest_also_run_disabled_tests"
Directory: D:/LEETCODE/LEARN/cpp_ds/vector/build
"AddingTest.HandlePositiveInt" start time: Jan 26 21:00 Eastern Standard Time
Output:
----------------------------------------------------------
Running main() from D:\LEETCODE\LEARN\cpp_ds\vector\build\_deps\googletest-src\googletest\src\gtest_main.cc
Note: Google Test filter = AddingTest.HandlePositiveInt
[==========] Running 1 test from 1 test suite.
[----------] Global test environment set-up.
[----------] 1 test from AddingTest
[ RUN      ] AddingTest.HandlePositiveInt
[       OK ] AddingTest.HandlePositiveInt (0 ms)
[----------] 1 test from AddingTest (0 ms total)

[----------] Global test environment tear-down
[==========] 1 test from 1 test suite ran. (0 ms total)
[  PASSED  ] 1 test.
<end of output>
Test time =   0.01 sec
----------------------------------------------------------
Test Passed.
"AddingTest.HandlePositiveInt" end time: Jan 26 21:00 Eastern Standard Time
"AddingTest.HandlePositiveInt" time elapsed: 00:00:00
----------------------------------------------------------

End testing: Jan 26 21:00 Eastern Standard Time
