<?xml version="1.0" encoding="UTF-8"?>
<Site BuildName="(empty)"
	BuildStamp="20260131-2337-Experimental"
	Name="(empty)"
	Generator="ctest-4.2.3"
	CompilerName=""
	CompilerVersion=""
	OSName="Windows"
	Hostname="BaoElieTran"
	OSRelease="10.0.22631"
	OSVersion="Windows 10"
	OSPlatform="AMD64"
	Is64Bits="1"
	VendorString="AuthenticAMD"
	VendorID="Advanced Micro Devices"
	FamilyID="15"
	ModelID="0"
	ModelName="AMD Ryzen 7 4800H with Radeon Graphics"
	ProcessorCacheSize="64"
	NumberOfLogicalCPU="16"
	NumberOfPhysicalCPU="8"
	TotalVirtualMemory="23981"
	TotalPhysicalMemory="15789"
	LogicalProcessorsPerPhysical="2"
	ProcessorClockFrequency="2900"
	>
	<Testing>
		<StartDateTime>Feb 06 23:58 Eastern Standard Time</StartDateTime>
		<StartTestTime>1770440292</StartTestTime>
		<TestList/>
		<EndDateTime>Feb 06 23:58 Eastern Standard Time</EndDateTime>
		<EndTestTime>1770440292</EndTestTime>
		<ElapsedMinutes>0</ElapsedMinutes>
	</Testing>
</Site>
